{
  "stats": {
    "suites": 1,
    "tests": 2,
    "passes": 0,
    "pending": 0,
    "failures": 2,
    "start": "2022-08-09T15:49:42.521Z",
    "end": "2022-08-09T15:51:32.480Z",
    "duration": 109959,
    "testsRegistered": 2,
    "passPercent": 0,
    "pendingPercent": 0,
    "other": 0,
    "hasOther": false,
    "skipped": 0,
    "hasSkipped": false
  },
  "results": [
    {
      "uuid": "7b63e45f-c265-4814-a789-160c4a1478ad",
      "title": "",
      "fullFile": "cypress\\integration\\UserLogin.feature",
      "file": "cypress\\integration\\UserLogin.feature",
      "beforeHooks": [],
      "afterHooks": [],
      "tests": [],
      "suites": [
        {
          "uuid": "482242ed-6453-4459-8a9f-119a18e477e3",
          "title": "Login with the user",
          "fullFile": "",
          "file": "",
          "beforeHooks": [],
          "afterHooks": [],
          "tests": [
            {
              "title": "Application Login after reset password",
              "fullTitle": "Login with the user Application Login after reset password",
              "timedOut": null,
              "duration": 48593,
              "state": "failed",
              "speed": null,
              "pass": false,
              "fail": true,
              "pending": false,
              "context": "\"assets/UserLogin.feature/Login with the user -- Application Login after reset password (failed).png\"",
              "code": "const state = window.testState;\nreturn cy\n  .then(() => state.onStartScenario(scenario, indexedSteps))\n  .then(() =>\n    resolveAndRunBeforeHooks.call(this, scenario.tags, state.feature.name)\n  )\n  .then(() =>\n    indexedSteps.forEach((step) =>\n      stepTest.call(this, state, step, rowData)\n    )\n  )\n  .then(() => state.onFinishScenario(scenario));",
              "err": {
                "message": "AssertionError: Timed out retrying after 4000ms: expected 'https://www.deinbett.de/login' to equal 'https://www.deinbett.de/'",
                "estack": "AssertionError: Timed out retrying after 4000ms: expected 'https://www.deinbett.de/login' to equal 'https://www.deinbett.de/'\n    at _callee4$ (https://www.deinbett.de/__cypress/tests?p=cypress\\integration\\UserLogin.feature:110:27)\n    at tryCatch (https://www.deinbett.de/__cypress/tests?p=cypress\\integration\\UserLogin.feature:680:17)\n    at Generator.eval [as _invoke] (https://www.deinbett.de/__cypress/tests?p=cypress\\integration\\UserLogin.feature:660:24)\n    at Generator.eval [as next] (https://www.deinbett.de/__cypress/tests?p=cypress\\integration\\UserLogin.feature:711:21)\n    at asyncGeneratorStep (https://www.deinbett.de/__cypress/tests?p=cypress\\integration\\UserLogin.feature:522:24)\n    at _next (https://www.deinbett.de/__cypress/tests?p=cypress\\integration\\UserLogin.feature:544:9)\n    at eval (https://www.deinbett.de/__cypress/tests?p=cypress\\integration\\UserLogin.feature:551:7)\nat new Promise (<anonymous>)\n    at Context.eval (https://www.deinbett.de/__cypress/tests?p=cypress\\integration\\UserLogin.feature:540:12)\n    at Context.resolveAndRunStepDefinition (https://www.deinbett.de/__cypress/tests?p=cypress\\integration\\UserLogin.feature:16945:29)",
                "diff": "- 'https://www.deinbett.de/login'\n+ 'https://www.deinbett.de/'\n"
              },
              "uuid": "d2927f98-11de-49c2-996d-3f34e8c4c15f",
              "parentUUID": "482242ed-6453-4459-8a9f-119a18e477e3",
              "isHook": false,
              "skipped": false
            },
            {
              "title": "Application Login with Old Password",
              "fullTitle": "Login with the user Application Login with Old Password",
              "timedOut": null,
              "duration": 45555,
              "state": "failed",
              "speed": null,
              "pass": false,
              "fail": true,
              "pending": false,
              "context": "\"assets/UserLogin.feature/Login with the user -- Application Login with Old Password (failed).png\"",
              "code": "const state = window.testState;\nreturn cy\n  .then(() => state.onStartScenario(scenario, indexedSteps))\n  .then(() =>\n    resolveAndRunBeforeHooks.call(this, scenario.tags, state.feature.name)\n  )\n  .then(() =>\n    indexedSteps.forEach((step) =>\n      stepTest.call(this, state, step, rowData)\n    )\n  )\n  .then(() => state.onFinishScenario(scenario));",
              "err": {
                "message": "AssertionError: Timed out retrying after 4000ms: Expected to find element: `label[id=\"loginEmail-error\"]`, but never found it.",
                "estack": "AssertionError: Timed out retrying after 4000ms: Expected to find element: `label[id=\"loginEmail-error\"]`, but never found it.\n    at _callee7$ (https://www.deinbett.de/__cypress/tests?p=cypress\\integration\\UserLogin.feature:166:47)\n    at tryCatch (https://www.deinbett.de/__cypress/tests?p=cypress\\integration\\UserLogin.feature:680:17)\n    at Generator.eval [as _invoke] (https://www.deinbett.de/__cypress/tests?p=cypress\\integration\\UserLogin.feature:660:24)\n    at Generator.eval [as next] (https://www.deinbett.de/__cypress/tests?p=cypress\\integration\\UserLogin.feature:711:21)\n    at asyncGeneratorStep (https://www.deinbett.de/__cypress/tests?p=cypress\\integration\\UserLogin.feature:522:24)\n    at _next (https://www.deinbett.de/__cypress/tests?p=cypress\\integration\\UserLogin.feature:544:9)\n    at eval (https://www.deinbett.de/__cypress/tests?p=cypress\\integration\\UserLogin.feature:551:7)\nat new Promise (<anonymous>)\n    at Context.eval (https://www.deinbett.de/__cypress/tests?p=cypress\\integration\\UserLogin.feature:540:12)\n    at Context.resolveAndRunStepDefinition (https://www.deinbett.de/__cypress/tests?p=cypress\\integration\\UserLogin.feature:16945:29)",
                "diff": null
              },
              "uuid": "1f259fc6-c966-4214-a3df-725e9398212b",
              "parentUUID": "482242ed-6453-4459-8a9f-119a18e477e3",
              "isHook": false,
              "skipped": false
            }
          ],
          "suites": [],
          "passes": [],
          "failures": [
            "d2927f98-11de-49c2-996d-3f34e8c4c15f",
            "1f259fc6-c966-4214-a3df-725e9398212b"
          ],
          "pending": [],
          "skipped": [],
          "duration": 94148,
          "root": false,
          "rootEmpty": false,
          "_timeout": 2000
        }
      ],
      "passes": [],
      "failures": [],
      "pending": [],
      "skipped": [],
      "duration": 0,
      "root": true,
      "rootEmpty": true,
      "_timeout": 2000
    }
  ],
  "meta": {
    "mocha": {
      "version": "7.0.1"
    },
    "mochawesome": {
      "options": {
        "quiet": false,
        "reportFilename": "mochawesome",
        "saveHtml": false,
        "saveJson": true,
        "consoleReporter": "spec",
        "useInlineDiffs": false,
        "code": true
      },
      "version": "5.0.0"
    },
    "marge": {
      "options": {
        "id": "default",
        "reportDir": "cypress/reports/mocha",
        "quite": true,
        "overwrite": false,
        "html": false,
        "json": true
      },
      "version": "4.1.0"
    }
  }
}